<?xml version="1.0" encoding="UTF-8"?>
<!-- Generated by org.testng.reporters.JUnitReportReporter -->
<testsuite hostname="KarthikeyanSelvaraj" failures="0" tests="8" name="com.AutomationProject.tests.TestCases" time="88.535" errors="0" timestamp="2021-09-11T19:23:16 AEST" skipped="0">
  <testcase classname="com.AutomationProject.tests.TestCases" name="TC002_ValidateSubmissionMessage" time="11.610"/>
  <system-out/>
  <testcase classname="com.AutomationProject.tests.TestCases" name="TC002_ValidateSubmissionMessage" time="7.451"/>
  <system-out/>
  <testcase classname="com.AutomationProject.tests.TestCases" name="TC002_ValidateSubmissionMessage" time="9.829"/>
  <system-out/>
  <testcase classname="com.AutomationProject.tests.TestCases" name="TC001_ValidateErrorsOnContactScreen" time="7.336"/>
  <system-out/>
  <testcase classname="com.AutomationProject.tests.TestCases" name="TC002_ValidateSubmissionMessage" time="14.131"/>
  <system-out/>
  <testcase classname="com.AutomationProject.tests.TestCases" name="TC002_ValidateSubmissionMessage" time="17.605"/>
  <system-out/>
  <testcase classname="com.AutomationProject.tests.TestCases" name="TC004_ValidateSubTotalAndTotal" time="12.670"/>
  <system-out/>
  <testcase classname="com.AutomationProject.tests.TestCases" name="TC003_ValidatebuyProductsAndCountAtCart" time="7.903"/>
  <system-out/>
</testsuite> <!-- com.AutomationProject.tests.TestCases -->
