<?xml version="1.0" encoding="UTF-8"?>
<!-- Generated by org.testng.reporters.JUnitReportReporter -->
<testsuite hostname="KarthikeyanSelvaraj" failures="0" tests="8" name="com.AutomationProject.tests.TestCases" time="152.306" errors="0" timestamp="2021-09-11T21:57:46 AEST" skipped="0">
  <testcase classname="com.AutomationProject.tests.TestCases" name="TC002_ValidateSubmissionMessage" time="21.346"/>
  <system-out/>
  <testcase classname="com.AutomationProject.tests.TestCases" name="TC003_ValidatebuyProductsAndCountAtCart" time="11.288"/>
  <system-out/>
  <testcase classname="com.AutomationProject.tests.TestCases" name="TC001_ValidateErrorsOnContactScreen" time="15.675"/>
  <system-out/>
  <testcase classname="com.AutomationProject.tests.TestCases" name="TC004_ValidateSubTotalAndTotal" time="12.005"/>
  <system-out/>
  <testcase classname="com.AutomationProject.tests.TestCases" name="TC002_ValidateSubmissionMessage" time="16.278"/>
  <system-out/>
  <testcase classname="com.AutomationProject.tests.TestCases" name="TC002_ValidateSubmissionMessage" time="47.720"/>
  <system-out/>
  <testcase classname="com.AutomationProject.tests.TestCases" name="TC002_ValidateSubmissionMessage" time="16.469"/>
  <system-out/>
  <testcase classname="com.AutomationProject.tests.TestCases" name="TC002_ValidateSubmissionMessage" time="11.525"/>
  <system-out/>
</testsuite> <!-- com.AutomationProject.tests.TestCases -->
