<?xml version="1.0" encoding="UTF-8"?>
<!-- Generated by org.testng.reporters.JUnitReportReporter -->
<testsuite hostname="KarthikeyanSelvaraj" failures="0" tests="1" name="com.AutomationProject.tests.TC_001" time="1.983" errors="0" timestamp="11 Sep 2021 01:46:51 GMT">
  <testcase classname="com.AutomationProject.tests.TC_001" name="TC001_ValidateErrors" time="1.983"/>
</testsuite> <!-- com.AutomationProject.tests.TC_001 -->
