<?xml version="1.0" encoding="UTF-8"?>
<!-- Generated by org.testng.reporters.JUnitReportReporter -->
<testsuite hostname="KarthikeyanSelvaraj" failures="0" tests="8" name="com.AutomationProject.tests.TestCases" time="93.592" errors="0" timestamp="12 Sep 2021 02:28:23 GMT">
  <testcase classname="com.AutomationProject.tests.TestCases" name="TC002_ValidateSubmissionMessage" time="9.133"/>
  <testcase classname="com.AutomationProject.tests.TestCases" name="TC002_ValidateSubmissionMessage" time="16.964"/>
  <testcase classname="com.AutomationProject.tests.TestCases" name="TC002_ValidateSubmissionMessage" time="11.056"/>
  <testcase classname="com.AutomationProject.tests.TestCases" name="TC002_ValidateSubmissionMessage" time="8.334"/>
  <testcase classname="com.AutomationProject.tests.TestCases" name="TC004_ValidateSubTotalAndTotal" time="8.564"/>
  <testcase classname="com.AutomationProject.tests.TestCases" name="TC002_ValidateSubmissionMessage" time="9.669"/>
  <testcase classname="com.AutomationProject.tests.TestCases" name="TC003_ValidatebuyProductsAndCountAtCart" time="17.953"/>
  <testcase classname="com.AutomationProject.tests.TestCases" name="TC001_ValidateErrorsOnContactScreen" time="11.919"/>
</testsuite> <!-- com.AutomationProject.tests.TestCases -->
